
> ikeo-delivery-app@1.0.0 start
> ng serve

- Building...

Initial chunk files | Names         |  Raw size
styles.css          | styles        |  93.40 kB | 
polyfills.js        | polyfills     |  83.60 kB | 
main.js             | main          |  12.44 kB | 

                    | Initial total | 189.44 kB

Application bundle generation complete. [0.846 seconds]

Watch mode enabled. Watching for file changes...
  ➜  Local:   http://localhost:4200/
- Changes detected. Rebuilding...


No output file changes.

Application bundle generation complete. [0.080 seconds]


> ikeo-delivery-app@1.0.0 start
> ng serve

? Port 4200 is already in use.
Would you like to use a different port? (Y/n) [46D[46C- Changes detected. Rebuilding...


No output file changes.

Application bundle generation complete. [0.035 seconds]


> ikeo-delivery-app@1.0.0 start
> ng serve

? Port 4200 is already in use.
Would you like to use a different port? (Y/n) [46D[46C- Changes detected. Rebuilding...


No output file changes.

Application bundle generation complete. [0.042 seconds]


> ikeo-delivery-app@1.0.0 start
> ng serve

? Port 4200 is already in use.
Would you like to use a different port? (Y/n) [46D[46C- Changes detected. Rebuilding...


No output file changes.

Application bundle generation complete. [0.056 seconds]


> ikeo-delivery-app@1.0.0 start
> ng serve

? Port 4200 is already in use.
Would you like to use a different port? (Y/n) [46D[46C- Changes detected. Rebuilding...


No output file changes.

Application bundle generation complete. [0.045 seconds]


> ikeo-delivery-app@1.0.0 start
> ng serve

? Port 4200 is already in use.
Would you like to use a different port? (Y/n) [46D[46C- Changes detected. Rebuilding...


No output file changes.

Application bundle generation complete. [0.057 seconds]


> ikeo-delivery-app@1.0.0 start
> ng serve

? Port 4200 is already in use.
Would you like to use a different port? (Y/n) [46D[46C- Changes detected. Rebuilding...


No output file changes.

Application bundle generation complete. [0.060 seconds]


> ikeo-delivery-app@1.0.0 start
> ng serve

? Port 4200 is already in use.
Would you like to use a different port? (Y/n) [46D[46C- Changes detected. Rebuilding...


No output file changes.

Application bundle generation complete. [0.070 seconds]


> ikeo-delivery-app@1.0.0 start
> ng serve

? Port 4200 is already in use.
Would you like to use a different port? (Y/n) [46D[46C- Changes detected. Rebuilding...


No output file changes.

Application bundle generation complete. [0.062 seconds]


> ikeo-delivery-app@1.0.0 start
> ng serve

? Port 4200 is already in use.
Would you like to use a different port? (Y/n) [46D[46C- Changes detected. Rebuilding...


No output file changes.

Application bundle generation complete. [0.082 seconds]


> ikeo-delivery-app@1.0.0 start
> ng serve

? Port 4200 is already in use.
Would you like to use a different port? (Y/n) [46D[46C- Changes detected. Rebuilding...


No output file changes.

Application bundle generation complete. [0.060 seconds]


> ikeo-delivery-app@1.0.0 start
> ng serve

? Port 4200 is already in use.
Would you like to use a different port? (Y/n) [46D[46C- Changes detected. Rebuilding...


No output file changes.

Application bundle generation complete. [0.069 seconds]


> ikeo-delivery-app@1.0.0 start
> ng serve

? Port 4200 is already in use.
Would you like to use a different port? (Y/n) [46D[46C
> ikeo-delivery-app@1.0.0 start
> ng serve

- Building...

Initial chunk files | Names         |  Raw size
styles.css          | styles        |  93.40 kB | 
polyfills.js        | polyfills     |  83.60 kB | 
main.js             | main          |  12.44 kB | 

                    | Initial total | 189.44 kB

Application bundle generation complete. [0.891 seconds]

Watch mode enabled. Watching for file changes...
  ➜  Local:   http://localhost:4200/

> ikeo-delivery-app@1.0.0 start
> ng serve

- Building...

Initial chunk files | Names         |  Raw size
styles.css          | styles        |  93.40 kB | 
polyfills.js        | polyfills     |  83.60 kB | 
main.js             | main          |  12.44 kB | 

                    | Initial total | 189.44 kB

Application bundle generation complete. [0.909 seconds]

Watch mode enabled. Watching for file changes...
  ➜  Local:   http://localhost:4200/

> ikeo-delivery-app@1.0.0 start
> ng serve

- Building...

Initial chunk files | Names         |  Raw size
styles.css          | styles        |  93.40 kB | 
polyfills.js        | polyfills     |  83.60 kB | 
main.js             | main          |  12.44 kB | 

                    | Initial total | 189.44 kB

Application bundle generation complete. [0.831 seconds]

Watch mode enabled. Watching for file changes...
  ➜  Local:   http://localhost:4200/

> ikeo-delivery-app@1.0.0 start
> ng serve

- Building...

Initial chunk files | Names         |  Raw size
styles.css          | styles        |  93.40 kB | 
polyfills.js        | polyfills     |  83.60 kB | 
main.js             | main          |  12.44 kB | 

                    | Initial total | 189.44 kB

Application bundle generation complete. [0.853 seconds]

Watch mode enabled. Watching for file changes...
  ➜  Local:   http://localhost:4200/

> ikeo-delivery-app@1.0.0 start
> ng serve

- Building...

Initial chunk files | Names         |  Raw size
styles.css          | styles        |  93.40 kB | 
polyfills.js        | polyfills     |  83.60 kB | 
main.js             | main          |  12.44 kB | 

                    | Initial total | 189.44 kB

Application bundle generation complete. [0.931 seconds]

Watch mode enabled. Watching for file changes...
  ➜  Local:   http://localhost:4200/
- Changes detected. Rebuilding...

Initial chunk files | Names | Raw size
main.js             | main  | 17.61 kB | 

Application bundle generation complete. [0.363 seconds]

Page reload sent to client(s).
3:00:49 PM [vite] ✨ new dependencies optimized: leaflet
3:00:49 PM [vite] ✨ optimized dependencies changed. reloading
- Changes detected. Rebuilding...

Initial chunk files | Names | Raw size
main.js             | main  | 17.83 kB | 

Application bundle generation complete. [0.075 seconds]

Page reload sent to client(s).

> ikeo-delivery-app@1.0.0 start
> ng serve

- Building...

Initial chunk files | Names         |  Raw size
styles.css          | styles        | 106.15 kB | 
polyfills.js        | polyfills     |  83.60 kB | 
main.js             | main          |  17.83 kB | 

                    | Initial total | 207.58 kB

Application bundle generation complete. [0.938 seconds]

Watch mode enabled. Watching for file changes...
  ➜  Local:   http://localhost:4200/
- Changes detected. Rebuilding...

Initial chunk files | Names | Raw size
main.js             | main  | 17.38 kB | 

Application bundle generation complete. [0.181 seconds]

Page reload sent to client(s).
- Changes detected. Rebuilding...

Application bundle generation failed. [0.123 seconds]

✘ [ERROR] TS2554: Expected 1 arguments, but got 0. [plugin angular-compiler]

    src/app/shared/components/map/map.component.ts:38:9:
      38 │     this.initMap()
         ╵          ~~~~~~~

  An argument for 'deliveries' was not provided.

    src/app/shared/components/map/map.component.ts:41:10:
      41 │   initMap(deliveries: Delivery[]) {
         ╵           ~~~~~~~~~~~~~~~~~~~~~~


- Changes detected. Rebuilding...

Application bundle generation failed. [0.176 seconds]

✘ [ERROR] TS2554: Expected 2 arguments, but got 1. [plugin angular-compiler]

    src/app/shared/components/map/map.component.ts:52:20:
      52 │     this.mapService.mapLayersInit(this.map, )
         ╵                     ~~~~~~~~~~~~~

  An argument for 'deliveries' was not provided.

    src/app/shared/services/map.service.ts:26:28:
      26 │   mapLayersInit(map: L.Map, deliveries: Delivery[]) {
         ╵                             ~~~~~~~~~~~~~~~~~~~~~~


- Changes detected. Rebuilding...

Initial chunk files | Names         |  Raw size
styles.css          | styles        | 106.15 kB | 
polyfills.js        | polyfills     |  83.60 kB | 
main.js             | main          |  17.49 kB | 

                    | Initial total | 207.24 kB

Application bundle generation complete. [0.101 seconds]

Page reload sent to client(s).
- Changes detected. Rebuilding...

Initial chunk files | Names | Raw size
main.js             | main  | 17.11 kB | 

Application bundle generation complete. [0.122 seconds]

Page reload sent to client(s).
- Changes detected. Rebuilding...

Application bundle generation failed. [0.135 seconds]

✘ [ERROR] TS1109: Expression expected. [plugin angular-compiler]

    src/app/views/delivery-tour-display/delivery-tour-display.component.ts:27:115:
      27 │ ...vice.getDeliveryTour('yacelard.racine@gmail.com').then((res) => ))
         ╵                                                                    ^


✘ [ERROR] Unexpected ")"

    src/app/views/delivery-tour-display/delivery-tour-display.component.ts:42:119:
      42 │ ...ice.getDeliveryTour('yacelard.racine@gmail.com').then((res) => ));
         ╵                                                                   ^


- Changes detected. Rebuilding...

Initial chunk files | Names         |  Raw size
styles.css          | styles        | 106.15 kB | 
polyfills.js        | polyfills     |  83.60 kB | 
main.js             | main          |  17.22 kB | 

                    | Initial total | 206.97 kB

Application bundle generation complete. [0.100 seconds]

Page reload sent to client(s).
- Changes detected. Rebuilding...

Initial chunk files | Names | Raw size
main.js             | main  | 17.34 kB | 

Application bundle generation complete. [0.135 seconds]

Page reload sent to client(s).
- Changes detected. Rebuilding...

Application bundle generation failed. [0.106 seconds]

✘ [ERROR] TS2307: Cannot find module '../../shared/components/map/map.component' or its corresponding type declarations. [plugin angular-compiler]

    src/app/views/delivery-tour-display/delivery-tour-display.component.ts:7:27:
      7 │ ...rt {MapComponent} from "../../shared/components/map/map.component";
        ╵                           ~~~~~~~~~~~~~~~~~~~~~~~~~~~~~~~~~~~~~~~~~~~


✘ [ERROR] Could not resolve "../../shared/components/map/map.component"

    src/app/views/delivery-tour-display/delivery-tour-display.component.ts:7:29:
      7 │ ... { MapComponent } from "../../shared/components/map/map.component";
        ╵                           ~~~~~~~~~~~~~~~~~~~~~~~~~~~~~~~~~~~~~~~~~~~


✘ [ERROR] TS-991010: 'imports' must be an array of components, directives, pipes, or NgModules.
  Value is of type '[MatDivider, MatCardModule, NgClass, (not statically analyzable)]'. [plugin angular-compiler]

    src/app/views/delivery-tour-display/delivery-tour-display.component.ts:13:11:
      13 │   imports: [
         ╵            ^


- Changes detected. Rebuilding...

Application bundle generation failed. [0.039 seconds]

✘ [ERROR] TS2307: Cannot find module '../../shared/components/map/map.component' or its corresponding type declarations. [plugin angular-compiler]

    src/app/views/delivery-tour-display/delivery-tour-display.component.ts:7:27:
      7 │ ...rt {MapComponent} from "../../shared/components/map/map.component";
        ╵                           ~~~~~~~~~~~~~~~~~~~~~~~~~~~~~~~~~~~~~~~~~~~


✘ [ERROR] Could not resolve "../../shared/components/map/map.component"

    src/app/views/delivery-tour-display/delivery-tour-display.component.ts:7:29:
      7 │ ... { MapComponent } from "../../shared/components/map/map.component";
        ╵                           ~~~~~~~~~~~~~~~~~~~~~~~~~~~~~~~~~~~~~~~~~~~


✘ [ERROR] TS-991010: 'imports' must be an array of components, directives, pipes, or NgModules.
  Value is of type '[MatDivider, MatCardModule, NgClass, (not statically analyzable)]'. [plugin angular-compiler]

    src/app/views/delivery-tour-display/delivery-tour-display.component.ts:13:11:
      13 │   imports: [
         ╵            ^


- Changes detected. Rebuilding...

Initial chunk files | Names         |  Raw size
styles.css          | styles        | 106.15 kB | 
polyfills.js        | polyfills     |  83.60 kB | 
main.js             | main          |  17.26 kB | 

                    | Initial total | 207.01 kB

Application bundle generation complete. [0.202 seconds]

Page reload sent to client(s).
- Changes detected. Rebuilding...

Initial chunk files | Names | Raw size
main.js             | main  | 17.30 kB | 

Application bundle generation complete. [0.064 seconds]

Page reload sent to client(s).
- Changes detected. Rebuilding...

Initial chunk files | Names | Raw size
main.js             | main  | 17.39 kB | 

Application bundle generation complete. [0.072 seconds]

Page reload sent to client(s).
- Changes detected. Rebuilding...

Initial chunk files | Names | Raw size
main.js             | main  | 17.44 kB | 

Application bundle generation complete. [0.054 seconds]

Page reload sent to client(s).
- Changes detected. Rebuilding...

Initial chunk files | Names         |  Raw size
main.js             | main          |  11.91 kB | 
chunk-VM4AO6LK.js   | -             |   5.59 kB | 

Lazy chunk files    | Names         |  Raw size
chunk-JNF5KGD4.js   | map-component | 124 bytes | 

Application bundle generation complete. [0.061 seconds]

Page reload sent to client(s).
- Changes detected. Rebuilding...

Initial chunk files | Names                           |  Raw size
main.js             | main                            |   4.35 kB | 
chunk-HWUUNGMU.js   | -                               |   1.85 kB | 
chunk-AVQVENQ2.js   | -                               | 614 bytes | 

Lazy chunk files    | Names                           |  Raw size
chunk-S3LXRWBL.js   | delivery-tour-display-component |   5.93 kB | 
chunk-HUVTXYDK.js   | -                               |   5.09 kB | 
chunk-3JH3SRQ5.js   | map-component                   | 154 bytes | 

Application bundle generation complete. [0.063 seconds]

Page reload sent to client(s).
- Changes detected. Rebuilding...

Initial chunk files | Names              | Raw size
main.js             | main               |  1.77 kB | 

Lazy chunk files    | Names              | Raw size
chunk-HJF5AGSP.js   | homepage-component |  2.73 kB | 

Application bundle generation complete. [0.065 seconds]

Page reload sent to client(s).
- Changes detected. Rebuilding...

Initial chunk files | Names                           | Raw size
main.js             | main                            |  1.77 kB | 

Lazy chunk files    | Names                           | Raw size
chunk-6EZFOF2K.js   | delivery-tour-display-component |  6.03 kB | 

Application bundle generation complete. [0.098 seconds]

Page reload sent to client(s).
- Changes detected. Rebuilding...

Initial chunk files | Names                           |  Raw size
main.js             | main                            |   1.77 kB | 

Lazy chunk files    | Names                           |  Raw size
chunk-6VJRTIBM.js   | delivery-tour-display-component |   6.03 kB | 
chunk-JFPHJVKG.js   | -                               |   5.09 kB | 
chunk-ZVCWZ54L.js   | map-component                   | 154 bytes | 

Application bundle generation complete. [0.099 seconds]

Page reload sent to client(s).
- Changes detected. Rebuilding...

Initial chunk files | Names                           |  Raw size
main.js             | main                            |   1.77 kB | 

Lazy chunk files    | Names                           |  Raw size
chunk-JD7EERRX.js   | delivery-tour-display-component |   6.03 kB | 
chunk-4WUGYCDB.js   | -                               |   5.09 kB | 
chunk-C65GJFXR.js   | map-component                   | 154 bytes | 

Application bundle generation complete. [0.089 seconds]

Page reload sent to client(s).
- Changes detected. Rebuilding...

Initial chunk files | Names                           |  Raw size
main.js             | main                            |   1.77 kB | 

Lazy chunk files    | Names                           |  Raw size
chunk-SKPLVHVE.js   | delivery-tour-display-component |   6.03 kB | 
chunk-3K4KOG3R.js   | -                               |   5.09 kB | 
chunk-PD6PYCYC.js   | map-component                   | 154 bytes | 

Application bundle generation complete. [0.081 seconds]

Page reload sent to client(s).
- Changes detected. Rebuilding...

Initial chunk files | Names                           |  Raw size
main.js             | main                            |   1.77 kB | 

Lazy chunk files    | Names                           |  Raw size
chunk-QFR7QQPT.js   | delivery-tour-display-component |   6.03 kB | 
chunk-T3TEQK3Z.js   | -                               |   5.11 kB | 
chunk-JUABHHJP.js   | map-component                   | 154 bytes | 

Application bundle generation complete. [0.095 seconds]

Page reload sent to client(s).
- Changes detected. Rebuilding...

Initial chunk files | Names                           |  Raw size
main.js             | main                            |   1.77 kB | 

Lazy chunk files    | Names                           |  Raw size
chunk-HKVXW3E6.js   | delivery-tour-display-component |   6.03 kB | 
chunk-U2XDNKXU.js   | -                               |   5.11 kB | 
chunk-H7L4CJHC.js   | map-component                   | 154 bytes | 

Application bundle generation complete. [0.080 seconds]

Page reload sent to client(s).
- Changes detected. Rebuilding...

Initial chunk files | Names                           |  Raw size
main.js             | main                            |   1.77 kB | 

Lazy chunk files    | Names                           |  Raw size
chunk-57XK4WFB.js   | delivery-tour-display-component |   6.03 kB | 
chunk-JOQ6W7U5.js   | -                               |   5.07 kB | 
chunk-FXCHRFVD.js   | map-component                   | 154 bytes | 

Application bundle generation complete. [0.111 seconds]

Page reload sent to client(s).
- Changes detected. Rebuilding...

Initial chunk files | Names                           |  Raw size
main.js             | main                            |   1.77 kB | 

Lazy chunk files    | Names                           |  Raw size
chunk-MAKWMOOT.js   | delivery-tour-display-component |   6.03 kB | 
chunk-HOUCUKKQ.js   | -                               |   5.05 kB | 
chunk-P455QTKQ.js   | map-component                   | 154 bytes | 

Application bundle generation complete. [0.079 seconds]

Page reload sent to client(s).
- Changes detected. Rebuilding...

Initial chunk files | Names                           |  Raw size
main.js             | main                            |   1.77 kB | 

Lazy chunk files    | Names                           |  Raw size
chunk-XLIWLGOL.js   | delivery-tour-display-component |   6.03 kB | 
chunk-AFTFFMOP.js   | -                               |   5.12 kB | 
chunk-SJM7INCD.js   | map-component                   | 154 bytes | 

Application bundle generation complete. [0.071 seconds]

Page reload sent to client(s).
- Changes detected. Rebuilding...

Initial chunk files | Names                           |  Raw size
main.js             | main                            |   1.77 kB | 

Lazy chunk files    | Names                           |  Raw size
chunk-A32FRL5E.js   | delivery-tour-display-component |   6.03 kB | 
chunk-A76PJ2CY.js   | -                               |   5.12 kB | 
chunk-UHFXKATL.js   | map-component                   | 154 bytes | 

Application bundle generation complete. [0.070 seconds]

Page reload sent to client(s).
- Changes detected. Rebuilding...

Initial chunk files | Names                           |  Raw size
main.js             | main                            |   1.77 kB | 

Lazy chunk files    | Names                           |  Raw size
chunk-W2HPVWCD.js   | delivery-tour-display-component |   6.03 kB | 
chunk-42MMVCQ5.js   | -                               |   5.15 kB | 
chunk-4BQBOV6Q.js   | map-component                   | 154 bytes | 

Application bundle generation complete. [0.079 seconds]

Page reload sent to client(s).
- Changes detected. Rebuilding...


No output file changes.

Application bundle generation complete. [0.075 seconds]

- Changes detected. Rebuilding...

Initial chunk files | Names                           |  Raw size
main.js             | main                            |   1.77 kB | 

Lazy chunk files    | Names                           |  Raw size
chunk-UYWM256W.js   | delivery-tour-display-component |   6.03 kB | 
chunk-4OTEBJQJ.js   | -                               |   5.09 kB | 
chunk-YIVFT7X2.js   | map-component                   | 154 bytes | 

Application bundle generation complete. [0.101 seconds]

Page reload sent to client(s).
- Changes detected. Rebuilding...

Initial chunk files | Names                           |  Raw size
main.js             | main                            |   1.77 kB | 

Lazy chunk files    | Names                           |  Raw size
chunk-NGDURPJP.js   | delivery-tour-display-component |   6.03 kB | 
chunk-4ZFOEXPE.js   | -                               |   5.12 kB | 
chunk-OI5RRUSE.js   | map-component                   | 154 bytes | 

Application bundle generation complete. [0.077 seconds]

Page reload sent to client(s).
- Changes detected. Rebuilding...

Initial chunk files | Names                           |  Raw size
main.js             | main                            |   1.77 kB | 

Lazy chunk files    | Names                           |  Raw size
chunk-UYWM256W.js   | delivery-tour-display-component |   6.03 kB | 
chunk-4OTEBJQJ.js   | -                               |   5.09 kB | 
chunk-YIVFT7X2.js   | map-component                   | 154 bytes | 

Application bundle generation complete. [0.088 seconds]

Page reload sent to client(s).
- Changes detected. Rebuilding...

Initial chunk files | Names                           |  Raw size
main.js             | main                            |   1.77 kB | 

Lazy chunk files    | Names                           |  Raw size
chunk-7EFAFLNC.js   | delivery-tour-display-component |   6.03 kB | 
chunk-S3FE4EEK.js   | -                               |   5.20 kB | 
chunk-NYGVITSD.js   | map-component                   | 154 bytes | 

Application bundle generation complete. [0.094 seconds]

Page reload sent to client(s).
- Changes detected. Rebuilding...

Initial chunk files | Names                           |  Raw size
main.js             | main                            |   1.77 kB | 

Lazy chunk files    | Names                           |  Raw size
chunk-SRQHXFYM.js   | delivery-tour-display-component |   6.03 kB | 
chunk-O2WNZ7EG.js   | -                               |   5.19 kB | 
chunk-LXRJ7SNB.js   | map-component                   | 154 bytes | 

Application bundle generation complete. [0.103 seconds]

Page reload sent to client(s).
- Changes detected. Rebuilding...

Initial chunk files | Names                           |  Raw size
main.js             | main                            |   1.77 kB | 

Lazy chunk files    | Names                           |  Raw size
chunk-PR3XQLKU.js   | delivery-tour-display-component |   6.03 kB | 
chunk-R7ET42B4.js   | -                               |   5.20 kB | 
chunk-ZAPWD46X.js   | map-component                   | 154 bytes | 

Application bundle generation complete. [0.076 seconds]

Page reload sent to client(s).
- Changes detected. Rebuilding...

Initial chunk files | Names                           |  Raw size
main.js             | main                            |   1.77 kB | 

Lazy chunk files    | Names                           |  Raw size
chunk-BIQY6AXL.js   | delivery-tour-display-component |   6.03 kB | 
chunk-LN6KENMB.js   | -                               |   5.20 kB | 
chunk-MDK7Z7OJ.js   | map-component                   | 154 bytes | 

Application bundle generation complete. [0.108 seconds]

Page reload sent to client(s).
- Changes detected. Rebuilding...

Initial chunk files | Names                           |  Raw size
main.js             | main                            |   1.77 kB | 

Lazy chunk files    | Names                           |  Raw size
chunk-D5YPVHFI.js   | delivery-tour-display-component |   6.03 kB | 
chunk-CIAUA2OB.js   | -                               |   5.20 kB | 
chunk-BG3OSHFC.js   | map-component                   | 154 bytes | 

Application bundle generation complete. [0.076 seconds]

Page reload sent to client(s).
- Changes detected. Rebuilding...

Initial chunk files | Names                           |  Raw size
main.js             | main                            |   1.77 kB | 

Lazy chunk files    | Names                           |  Raw size
chunk-WKTC437I.js   | delivery-tour-display-component |   6.03 kB | 
chunk-L64JKTVM.js   | -                               |   5.20 kB | 
chunk-2UVFHYUZ.js   | map-component                   | 154 bytes | 

Application bundle generation complete. [0.068 seconds]

Page reload sent to client(s).
- Changes detected. Rebuilding...

Initial chunk files | Names                           |  Raw size
main.js             | main                            |   1.77 kB | 

Lazy chunk files    | Names                           |  Raw size
chunk-7HFRO6ML.js   | delivery-tour-display-component |   6.03 kB | 
chunk-5WBC4R3D.js   | -                               |   5.21 kB | 
chunk-W7M75CLJ.js   | map-component                   | 154 bytes | 

Application bundle generation complete. [0.172 seconds]

Page reload sent to client(s).
- Changes detected. Rebuilding...

Application bundle generation failed. [0.124 seconds]

✘ [ERROR] TS2355: A function whose declared type is neither 'undefined', 'void', nor 'any' must return a value. [plugin angular-compiler]

    src/app/shared/services/map.service.ts:77:15:
      77 │   makePopup(): string {
         ╵                ~~~~~~


- Changes detected. Rebuilding...

Application bundle generation failed. [0.086 seconds]

✘ [ERROR] Unexpected ";"

    src/app/shared/services/map.service.ts:63:8:
      63 │         ;
         ╵         ^


✘ [ERROR] TS1109: Expression expected. [plugin angular-compiler]

    src/app/shared/services/map.service.ts:79:2:
      79 │   }
         ╵   ^


- Changes detected. Rebuilding...

Initial chunk files | Names                           |  Raw size
styles.css          | styles                          | 106.15 kB | 
polyfills.js        | polyfills                       |  83.60 kB | 
main.js             | main                            |   1.77 kB | 
chunk-AVQVENQ2.js   | -                               | 614 bytes | 

                    | Initial total                   | 192.12 kB

Lazy chunk files    | Names                           |  Raw size
chunk-YZKVGWF2.js   | delivery-tour-display-component |   6.03 kB | 
chunk-BU7FPCIR.js   | -                               |   5.23 kB | 
chunk-HJF5AGSP.js   | homepage-component              |   2.73 kB | 
chunk-HWUUNGMU.js   | -                               |   1.85 kB | 
chunk-OD55RIHW.js   | map-component                   | 154 bytes | 

Application bundle generation complete. [0.085 seconds]

Page reload sent to client(s).
- Changes detected. Rebuilding...

Application bundle generation failed. [0.083 seconds]

✘ [ERROR] Unexpected ";"

    src/app/shared/services/map.service.ts:64:8:
      64 │         ;
         ╵         ^


✘ [ERROR] TS1109: Expression expected. [plugin angular-compiler]

    src/app/shared/services/map.service.ts:80:2:
      80 │   }
         ╵   ^


- Changes detected. Rebuilding...

Initial chunk files | Names                           |  Raw size
styles.css          | styles                          | 106.15 kB | 
polyfills.js        | polyfills                       |  83.60 kB | 
main.js             | main                            |   1.77 kB | 
chunk-AVQVENQ2.js   | -                               | 614 bytes | 

                    | Initial total                   | 192.12 kB

Lazy chunk files    | Names                           |  Raw size
chunk-FE5CPYXH.js   | delivery-tour-display-component |   6.03 kB | 
chunk-MNGQGMPH.js   | -                               |   5.23 kB | 
chunk-HJF5AGSP.js   | homepage-component              |   2.73 kB | 
chunk-HWUUNGMU.js   | -                               |   1.85 kB | 
chunk-GD3KVMWY.js   | map-component                   | 154 bytes | 

Application bundle generation complete. [0.106 seconds]

Page reload sent to client(s).
- Changes detected. Rebuilding...

Application bundle generation failed. [0.074 seconds]

✘ [ERROR] Unexpected ";"

    src/app/shared/services/map.service.ts:65:8:
      65 │         ;
         ╵         ^


✘ [ERROR] TS1109: Expression expected. [plugin angular-compiler]

    src/app/shared/services/map.service.ts:82:2:
      82 │   }
         ╵   ^


- Changes detected. Rebuilding...

Application bundle generation failed. [0.134 seconds]

✘ [ERROR] Unexpected ";"

    src/app/shared/services/map.service.ts:64:8:
      64 │         ;
         ╵         ^


✘ [ERROR] TS1109: Expression expected. [plugin angular-compiler]

    src/app/shared/services/map.service.ts:80:2:
      80 │   }
         ╵   ^


- Changes detected. Rebuilding...

Initial chunk files | Names                           |  Raw size
styles.css          | styles                          | 106.15 kB | 
polyfills.js        | polyfills                       |  83.60 kB | 
main.js             | main                            |   1.77 kB | 
chunk-AVQVENQ2.js   | -                               | 614 bytes | 

                    | Initial total                   | 192.12 kB

Lazy chunk files    | Names                           |  Raw size
chunk-7JPKG7JS.js   | delivery-tour-display-component |   6.03 kB | 
chunk-ZMEACP75.js   | -                               |   5.25 kB | 
chunk-HJF5AGSP.js   | homepage-component              |   2.73 kB | 
chunk-HWUUNGMU.js   | -                               |   1.85 kB | 
chunk-EUQLLYQR.js   | map-component                   | 154 bytes | 

Application bundle generation complete. [0.093 seconds]

Page reload sent to client(s).
- Changes detected. Rebuilding...

Initial chunk files | Names                           |  Raw size
main.js             | main                            |   1.77 kB | 

Lazy chunk files    | Names                           |  Raw size
chunk-5QQGXI3G.js   | delivery-tour-display-component |   6.03 kB | 
chunk-CSAMRD7Z.js   | -                               |   5.26 kB | 
chunk-SPNGWHYL.js   | map-component                   | 154 bytes | 

Application bundle generation complete. [0.116 seconds]

Page reload sent to client(s).
- Changes detected. Rebuilding...

Application bundle generation failed. [0.074 seconds]

✘ [ERROR] Unexpected "}"

    src/app/shared/services/map.service.ts:63:29:
      63 │             `<div>Adresse: ${}</div>`;
         ╵                              ^


✘ [ERROR] TS1109: Expression expected. [plugin angular-compiler]

    src/app/shared/services/map.service.ts:79:23:
      79 │       `<div>Adresse: ${}</div>`
         ╵                        ^


- Changes detected. Rebuilding...

Initial chunk files | Names                           |  Raw size
styles.css          | styles                          | 106.15 kB | 
polyfills.js        | polyfills                       |  83.60 kB | 
main.js             | main                            |   1.77 kB | 
chunk-AVQVENQ2.js   | -                               | 614 bytes | 

                    | Initial total                   | 192.12 kB

Lazy chunk files    | Names                           |  Raw size
chunk-7XMAQQIQ.js   | delivery-tour-display-component |   6.03 kB | 
chunk-YOCTHI4K.js   | -                               |   5.27 kB | 
chunk-HJF5AGSP.js   | homepage-component              |   2.73 kB | 
chunk-HWUUNGMU.js   | -                               |   1.85 kB | 
chunk-N3IWUGG2.js   | map-component                   | 154 bytes | 

Application bundle generation complete. [0.098 seconds]

Page reload sent to client(s).
- Changes detected. Rebuilding...

Application bundle generation failed. [0.119 seconds]

✘ [ERROR] TS2554: Expected 3 arguments, but got 2. [plugin angular-compiler]

    src/app/shared/services/map.service.ts:45:13:
      45 │         this.initMarker([lat, lon], map)
         ╵              ~~~~~~~~~~

  An argument for 'address' was not provided.

    src/app/shared/services/map.service.ts:72:46:
      72 │   initMarker(latlon: LatLngTuple, map: L.Map, address: string) {
         ╵                                               ~~~~~~~~~~~~~~~


- Changes detected. Rebuilding...

Application bundle generation failed. [0.084 seconds]

✘ [ERROR] TS2554: Expected 3 arguments, but got 2. [plugin angular-compiler]

    src/app/shared/services/map.service.ts:45:13:
      45 │         this.initMarker([lat, lon], map)
         ╵              ~~~~~~~~~~

  An argument for 'address' was not provided.

    src/app/shared/services/map.service.ts:72:46:
      72 │   initMarker(latlon: LatLngTuple, map: L.Map, address: string) {
         ╵                                               ~~~~~~~~~~~~~~~


- Changes detected. Rebuilding...

Application bundle generation failed. [0.085 seconds]

✘ [ERROR] TS2554: Expected 3 arguments, but got 2. [plugin angular-compiler]

    src/app/shared/services/map.service.ts:45:13:
      45 │         this.initMarker([lat, lon], map)
         ╵              ~~~~~~~~~~

  An argument for 'address' was not provided.

    src/app/shared/services/map.service.ts:72:46:
      72 │   initMarker(latlon: LatLngTuple, map: L.Map, address: string) {
         ╵                                               ~~~~~~~~~~~~~~~


- Changes detected. Rebuilding...

Application bundle generation failed. [0.091 seconds]

✘ [ERROR] TS2554: Expected 3 arguments, but got 2. [plugin angular-compiler]

    src/app/shared/services/map.service.ts:45:13:
      45 │         this.initMarker([lat, lon], map)
         ╵              ~~~~~~~~~~

  An argument for 'address' was not provided.

    src/app/shared/services/map.service.ts:72:46:
      72 │   initMarker(latlon: LatLngTuple, map: L.Map, address: string) {
         ╵                                               ~~~~~~~~~~~~~~~


- Changes detected. Rebuilding...

Initial chunk files | Names                           |  Raw size
styles.css          | styles                          | 106.15 kB | 
polyfills.js        | polyfills                       |  83.60 kB | 
main.js             | main                            |   1.77 kB | 
chunk-AVQVENQ2.js   | -                               | 614 bytes | 

                    | Initial total                   | 192.12 kB

Lazy chunk files    | Names                           |  Raw size
chunk-BENICPRD.js   | delivery-tour-display-component |   6.03 kB | 
chunk-5K7YUJFV.js   | -                               |   5.33 kB | 
chunk-HJF5AGSP.js   | homepage-component              |   2.73 kB | 
chunk-HWUUNGMU.js   | -                               |   1.85 kB | 
chunk-VBIDTWYI.js   | map-component                   | 154 bytes | 

Application bundle generation complete. [0.075 seconds]

Page reload sent to client(s).
- Changes detected. Rebuilding...

Initial chunk files | Names                           |  Raw size
main.js             | main                            |   1.77 kB | 

Lazy chunk files    | Names                           |  Raw size
chunk-YQHR5TX4.js   | delivery-tour-display-component |   6.03 kB | 
chunk-4JW2OBQ6.js   | -                               |   5.35 kB | 
chunk-J7UOLS5O.js   | map-component                   | 154 bytes | 

Application bundle generation complete. [0.109 seconds]

Page reload sent to client(s).
- Changes detected. Rebuilding...

Application bundle generation failed. [0.099 seconds]

✘ [ERROR] TS2304: Cannot find name 'address'. [plugin angular-compiler]

    src/app/shared/services/map.service.ts:45:60:
      45 │         this.initMarker([lat, lon], map, decodeURIComponent(address))
         ╵                                                             ~~~~~~~


- Changes detected. Rebuilding...

Initial chunk files | Names                           |  Raw size
styles.css          | styles                          | 106.15 kB | 
polyfills.js        | polyfills                       |  83.60 kB | 
main.js             | main                            |   1.77 kB | 
chunk-AVQVENQ2.js   | -                               | 614 bytes | 

                    | Initial total                   | 192.12 kB

Lazy chunk files    | Names                           |  Raw size
chunk-RTTLSUH6.js   | delivery-tour-display-component |   6.03 kB | 
chunk-JARPHODY.js   | -                               |   5.35 kB | 
chunk-HJF5AGSP.js   | homepage-component              |   2.73 kB | 
chunk-HWUUNGMU.js   | -                               |   1.85 kB | 
chunk-STPTH5ZU.js   | map-component                   | 154 bytes | 

Application bundle generation complete. [0.109 seconds]

Page reload sent to client(s).
- Changes detected. Rebuilding...

Application bundle generation failed. [0.140 seconds]

✘ [ERROR] TS2345: Argument of type 'Delivery' is not assignable to parameter of type 'string'. [plugin angular-compiler]

    src/app/shared/services/map.service.ts:74:36:
      74 │     marker.bindPopup(this.makePopup(delivery))
         ╵                                     ~~~~~~~~


- Changes detected. Rebuilding...

Initial chunk files | Names                           |  Raw size
styles.css          | styles                          | 106.15 kB | 
polyfills.js        | polyfills                       |  83.60 kB | 
main.js             | main                            |   1.77 kB | 
chunk-AVQVENQ2.js   | -                               | 614 bytes | 

                    | Initial total                   | 192.12 kB

Lazy chunk files    | Names                           |  Raw size
chunk-B6NBRRGB.js   | delivery-tour-display-component |   6.03 kB | 
chunk-2XMPOK3T.js   | -                               |   5.35 kB | 
chunk-HJF5AGSP.js   | homepage-component              |   2.73 kB | 
chunk-HWUUNGMU.js   | -                               |   1.85 kB | 
chunk-MQ2T3HFG.js   | map-component                   | 154 bytes | 

Application bundle generation complete. [0.098 seconds]

Page reload sent to client(s).
- Changes detected. Rebuilding...

Initial chunk files | Names                           |  Raw size
main.js             | main                            |   1.77 kB | 

Lazy chunk files    | Names                           |  Raw size
chunk-KVNLXC36.js   | delivery-tour-display-component |   6.03 kB | 
chunk-36NMAYMJ.js   | -                               |   5.39 kB | 
chunk-JTPFLSIA.js   | map-component                   | 154 bytes | 

Application bundle generation complete. [0.150 seconds]

Page reload sent to client(s).
- Changes detected. Rebuilding...

Initial chunk files | Names                           |  Raw size
main.js             | main                            |   1.77 kB | 

Lazy chunk files    | Names                           |  Raw size
chunk-WRMHN6U5.js   | delivery-tour-display-component |   6.03 kB | 
chunk-45HGVCNO.js   | -                               |   5.39 kB | 
chunk-B5K5GL7N.js   | map-component                   | 154 bytes | 

Application bundle generation complete. [0.062 seconds]

Page reload sent to client(s).
- Changes detected. Rebuilding...

Initial chunk files | Names                           |  Raw size
main.js             | main                            |   1.77 kB | 

Lazy chunk files    | Names                           |  Raw size
chunk-EP7NKGND.js   | delivery-tour-display-component |   6.03 kB | 
chunk-T7SHKAAF.js   | -                               |   5.43 kB | 
chunk-SYEAQJL4.js   | map-component                   | 154 bytes | 

Application bundle generation complete. [0.089 seconds]

Page reload sent to client(s).
- Changes detected. Rebuilding...

Initial chunk files | Names                           |  Raw size
main.js             | main                            |   1.77 kB | 

Lazy chunk files    | Names                           |  Raw size
chunk-NDM5K5KP.js   | delivery-tour-display-component |   6.03 kB | 
chunk-4R557GOO.js   | -                               |   5.46 kB | 
chunk-FL4ITNQS.js   | map-component                   | 154 bytes | 

Application bundle generation complete. [0.100 seconds]

Page reload sent to client(s).
- Changes detected. Rebuilding...

Initial chunk files | Names                           |  Raw size
main.js             | main                            |   1.77 kB | 

Lazy chunk files    | Names                           |  Raw size
chunk-AZO7LQGK.js   | delivery-tour-display-component |   6.03 kB | 
chunk-AA4MMG7G.js   | -                               |   5.46 kB | 
chunk-23SZJCYV.js   | map-component                   | 154 bytes | 

Application bundle generation complete. [0.105 seconds]

Page reload sent to client(s).
- Changes detected. Rebuilding...

Initial chunk files | Names                           |  Raw size
main.js             | main                            |   1.77 kB | 

Lazy chunk files    | Names                           |  Raw size
chunk-ASYJ6WFU.js   | delivery-tour-display-component |   6.03 kB | 
chunk-VKB6OX6W.js   | -                               |   5.49 kB | 
chunk-2LPIJLWO.js   | map-component                   | 154 bytes | 

Application bundle generation complete. [0.080 seconds]

Page reload sent to client(s).
- Changes detected. Rebuilding...

Initial chunk files | Names                           |  Raw size
main.js             | main                            |   1.77 kB | 

Lazy chunk files    | Names                           |  Raw size
chunk-ROU4NXK6.js   | delivery-tour-display-component |   6.03 kB | 
chunk-XOZKCXEN.js   | -                               |   5.47 kB | 
chunk-JRWL2QR2.js   | map-component                   | 154 bytes | 

Application bundle generation complete. [0.092 seconds]

Page reload sent to client(s).
- Changes detected. Rebuilding...

Initial chunk files | Names                           |  Raw size
main.js             | main                            |   1.77 kB | 

Lazy chunk files    | Names                           |  Raw size
chunk-EMRFJHDE.js   | delivery-tour-display-component |   6.03 kB | 
chunk-OSU43XKX.js   | -                               |   5.47 kB | 
chunk-C24ZGRRK.js   | map-component                   | 154 bytes | 

Application bundle generation complete. [0.089 seconds]

Page reload sent to client(s).
- Changes detected. Rebuilding...

Initial chunk files | Names                           |  Raw size
main.js             | main                            |   1.77 kB | 

Lazy chunk files    | Names                           |  Raw size
chunk-752TOSTI.js   | delivery-tour-display-component |   6.03 kB | 
chunk-BZ75N54S.js   | -                               |   5.47 kB | 
chunk-VEGWCFL6.js   | map-component                   | 154 bytes | 

Application bundle generation complete. [0.101 seconds]

Page reload sent to client(s).
- Changes detected. Rebuilding...

Initial chunk files | Names                           |  Raw size
main.js             | main                            |   1.77 kB | 

Lazy chunk files    | Names                           |  Raw size
chunk-AVQP73O4.js   | delivery-tour-display-component |   6.03 kB | 
chunk-44W3XDAC.js   | -                               |   5.47 kB | 
chunk-IOB5UL7V.js   | map-component                   | 154 bytes | 

Application bundle generation complete. [0.155 seconds]

Page reload sent to client(s).

> ikeo-delivery-app@1.0.0 start
> ng serve

- Building...

Initial chunk files | Names                           |  Raw size
styles.css          | styles                          | 106.15 kB | 
polyfills.js        | polyfills                       |  83.60 kB | 
main.js             | main                            |   1.77 kB | 
chunk-AVQVENQ2.js   | -                               | 614 bytes | 

                    | Initial total                   | 192.12 kB

Lazy chunk files    | Names                           |  Raw size
chunk-AVQP73O4.js   | delivery-tour-display-component |   6.03 kB | 
chunk-44W3XDAC.js   | -                               |   5.47 kB | 
chunk-HJF5AGSP.js   | homepage-component              |   2.73 kB | 
chunk-HWUUNGMU.js   | -                               |   1.85 kB | 
chunk-IOB5UL7V.js   | map-component                   | 154 bytes | 

Application bundle generation complete. [0.946 seconds]

Watch mode enabled. Watching for file changes...
  ➜  Local:   http://localhost:4200/

> ikeo-delivery-app@1.0.0 start
> ng serve

- Building...

Initial chunk files | Names                           |  Raw size
styles.css          | styles                          | 106.15 kB | 
polyfills.js        | polyfills                       |  83.60 kB | 
main.js             | main                            |   1.77 kB | 
chunk-AVQVENQ2.js   | -                               | 614 bytes | 

                    | Initial total                   | 192.12 kB

Lazy chunk files    | Names                           |  Raw size
chunk-AVQP73O4.js   | delivery-tour-display-component |   6.03 kB | 
chunk-44W3XDAC.js   | -                               |   5.47 kB | 
chunk-HJF5AGSP.js   | homepage-component              |   2.73 kB | 
chunk-HWUUNGMU.js   | -                               |   1.85 kB | 
chunk-IOB5UL7V.js   | map-component                   | 154 bytes | 

Application bundle generation complete. [0.955 seconds]

Watch mode enabled. Watching for file changes...
  ➜  Local:   http://localhost:4200/
- Changes detected. Rebuilding...


No output file changes.

Application bundle generation complete. [0.083 seconds]


> ikeo-delivery-app@1.0.0 start
> ng serve

? Port 4200 is already in use.
Would you like to use a different port? (Y/n) [46D[46C- Changes detected. Rebuilding...


No output file changes.

Application bundle generation complete. [0.059 seconds]


> ikeo-delivery-app@1.0.0 start
> ng serve

? Port 4200 is already in use.
Would you like to use a different port? (Y/n) [46D[46C- Changes detected. Rebuilding...


No output file changes.

Application bundle generation complete. [0.048 seconds]


> ikeo-delivery-app@1.0.0 start
> ng serve

? Port 4200 is already in use.
Would you like to use a different port? (Y/n) [46D[46C- Changes detected. Rebuilding...


No output file changes.

Application bundle generation complete. [0.044 seconds]

- Changes detected. Rebuilding...


No output file changes.

Application bundle generation complete. [0.043 seconds]


> ikeo-delivery-app@1.0.0 start
> ng serve

? Port 4200 is already in use.
Would you like to use a different port? (Y/n) [46D[46C
> ikeo-delivery-app@1.0.0 start
> ng serve

- Building...

Initial chunk files | Names                           |  Raw size
styles.css          | styles                          | 106.15 kB | 
polyfills.js        | polyfills                       |  83.60 kB | 
main.js             | main                            |   1.77 kB | 
chunk-AVQVENQ2.js   | -                               | 614 bytes | 

                    | Initial total                   | 192.12 kB

Lazy chunk files    | Names                           |  Raw size
chunk-AVQP73O4.js   | delivery-tour-display-component |   6.03 kB | 
chunk-44W3XDAC.js   | -                               |   5.47 kB | 
chunk-HJF5AGSP.js   | homepage-component              |   2.73 kB | 
chunk-HWUUNGMU.js   | -                               |   1.85 kB | 
chunk-IOB5UL7V.js   | map-component                   | 154 bytes | 

Application bundle generation complete. [0.957 seconds]

Watch mode enabled. Watching for file changes...
  ➜  Local:   http://localhost:4200/

> ikeo-delivery-app@1.0.0 start
> ng serve

- Building...

Initial chunk files | Names                           |  Raw size
styles.css          | styles                          | 106.15 kB | 
polyfills.js        | polyfills                       |  83.60 kB | 
main.js             | main                            |   1.77 kB | 
chunk-AVQVENQ2.js   | -                               | 614 bytes | 

                    | Initial total                   | 192.12 kB

Lazy chunk files    | Names                           |  Raw size
chunk-AVQP73O4.js   | delivery-tour-display-component |   6.03 kB | 
chunk-44W3XDAC.js   | -                               |   5.47 kB | 
chunk-HJF5AGSP.js   | homepage-component              |   2.73 kB | 
chunk-HWUUNGMU.js   | -                               |   1.85 kB | 
chunk-IOB5UL7V.js   | map-component                   | 154 bytes | 

Application bundle generation complete. [0.945 seconds]

Watch mode enabled. Watching for file changes...
  ➜  Local:   http://localhost:4200/

> ikeo-delivery-app@1.0.0 start
> ng serve

- Building...

Initial chunk files | Names                           |  Raw size
styles.css          | styles                          | 106.15 kB | 
polyfills.js        | polyfills                       |  83.60 kB | 
main.js             | main                            |   1.77 kB | 
chunk-AVQVENQ2.js   | -                               | 614 bytes | 

                    | Initial total                   | 192.12 kB

Lazy chunk files    | Names                           |  Raw size
chunk-AVQP73O4.js   | delivery-tour-display-component |   6.03 kB | 
chunk-44W3XDAC.js   | -                               |   5.47 kB | 
chunk-HJF5AGSP.js   | homepage-component              |   2.73 kB | 
chunk-HWUUNGMU.js   | -                               |   1.85 kB | 
chunk-IOB5UL7V.js   | map-component                   | 154 bytes | 

Application bundle generation complete. [1.042 seconds]

Watch mode enabled. Watching for file changes...
  ➜  Local:   http://localhost:4200/

> ikeo-delivery-app@1.0.0 start
> ng serve

- Building...

Initial chunk files | Names                           |  Raw size
styles.css          | styles                          | 106.15 kB | 
polyfills.js        | polyfills                       |  83.60 kB | 
main.js             | main                            |   1.77 kB | 
chunk-AVQVENQ2.js   | -                               | 614 bytes | 

                    | Initial total                   | 192.12 kB

Lazy chunk files    | Names                           |  Raw size
chunk-AVQP73O4.js   | delivery-tour-display-component |   6.03 kB | 
chunk-44W3XDAC.js   | -                               |   5.47 kB | 
chunk-HJF5AGSP.js   | homepage-component              |   2.73 kB | 
chunk-HWUUNGMU.js   | -                               |   1.85 kB | 
chunk-IOB5UL7V.js   | map-component                   | 154 bytes | 

Application bundle generation complete. [0.959 seconds]

Watch mode enabled. Watching for file changes...
  ➜  Local:   http://localhost:4200/

> ikeo-delivery-app@1.0.0 start
> ng serve

- Building...

Initial chunk files | Names                           |  Raw size
styles.css          | styles                          | 106.15 kB | 
polyfills.js        | polyfills                       |  83.60 kB | 
main.js             | main                            |   1.77 kB | 
chunk-AVQVENQ2.js   | -                               | 614 bytes | 

                    | Initial total                   | 192.12 kB

Lazy chunk files    | Names                           |  Raw size
chunk-AVQP73O4.js   | delivery-tour-display-component |   6.03 kB | 
chunk-44W3XDAC.js   | -                               |   5.47 kB | 
chunk-HJF5AGSP.js   | homepage-component              |   2.73 kB | 
chunk-HWUUNGMU.js   | -                               |   1.85 kB | 
chunk-IOB5UL7V.js   | map-component                   | 154 bytes | 

Application bundle generation complete. [0.958 seconds]

Watch mode enabled. Watching for file changes...
  ➜  Local:   http://localhost:4200/

> ikeo-delivery-app@1.0.0 start
> ng serve

- Building...

Initial chunk files | Names                           |  Raw size
styles.css          | styles                          | 106.15 kB | 
polyfills.js        | polyfills                       |  83.60 kB | 
main.js             | main                            |   1.77 kB | 
chunk-AVQVENQ2.js   | -                               | 614 bytes | 

                    | Initial total                   | 192.12 kB

Lazy chunk files    | Names                           |  Raw size
chunk-AVQP73O4.js   | delivery-tour-display-component |   6.03 kB | 
chunk-44W3XDAC.js   | -                               |   5.47 kB | 
chunk-HJF5AGSP.js   | homepage-component              |   2.73 kB | 
chunk-HWUUNGMU.js   | -                               |   1.85 kB | 
chunk-IOB5UL7V.js   | map-component                   | 154 bytes | 

Application bundle generation complete. [0.918 seconds]

Watch mode enabled. Watching for file changes...
  ➜  Local:   http://localhost:4200/

> ikeo-delivery-app@1.0.0 start
> ng serve

- Building...

Initial chunk files | Names                           |  Raw size
styles.css          | styles                          | 106.15 kB | 
polyfills.js        | polyfills                       |  83.60 kB | 
main.js             | main                            |   1.77 kB | 
chunk-AVQVENQ2.js   | -                               | 614 bytes | 

                    | Initial total                   | 192.12 kB

Lazy chunk files    | Names                           |  Raw size
chunk-AVQP73O4.js   | delivery-tour-display-component |   6.03 kB | 
chunk-44W3XDAC.js   | -                               |   5.47 kB | 
chunk-HJF5AGSP.js   | homepage-component              |   2.73 kB | 
chunk-HWUUNGMU.js   | -                               |   1.85 kB | 
chunk-IOB5UL7V.js   | map-component                   | 154 bytes | 

Application bundle generation complete. [0.933 seconds]

Watch mode enabled. Watching for file changes...
  ➜  Local:   http://localhost:4200/

> ikeo-delivery-app@1.0.0 start
> ng serve

- Building...

Initial chunk files | Names                           |  Raw size
styles.css          | styles                          | 106.15 kB | 
polyfills.js        | polyfills                       |  83.60 kB | 
main.js             | main                            |   1.77 kB | 
chunk-AVQVENQ2.js   | -                               | 614 bytes | 

                    | Initial total                   | 192.12 kB

Lazy chunk files    | Names                           |  Raw size
chunk-AVQP73O4.js   | delivery-tour-display-component |   6.03 kB | 
chunk-44W3XDAC.js   | -                               |   5.47 kB | 
chunk-HJF5AGSP.js   | homepage-component              |   2.73 kB | 
chunk-HWUUNGMU.js   | -                               |   1.85 kB | 
chunk-IOB5UL7V.js   | map-component                   | 154 bytes | 

Application bundle generation complete. [0.942 seconds]

Watch mode enabled. Watching for file changes...
  ➜  Local:   http://localhost:4200/
- Changes detected. Rebuilding...


No output file changes.

Application bundle generation complete. [0.089 seconds]


> ikeo-delivery-app@1.0.0 start
> ng serve

? Port 4200 is already in use.
Would you like to use a different port? (Y/n) [46D[46C
> ikeo-delivery-app@1.0.0 start
> ng serve

- Building...

Initial chunk files | Names                           |  Raw size
styles.css          | styles                          | 106.15 kB | 
polyfills.js        | polyfills                       |  83.60 kB | 
main.js             | main                            |   1.77 kB | 
chunk-AVQVENQ2.js   | -                               | 614 bytes | 

                    | Initial total                   | 192.12 kB

Lazy chunk files    | Names                           |  Raw size
chunk-AVQP73O4.js   | delivery-tour-display-component |   6.03 kB | 
chunk-44W3XDAC.js   | -                               |   5.47 kB | 
chunk-HJF5AGSP.js   | homepage-component              |   2.73 kB | 
chunk-HWUUNGMU.js   | -                               |   1.85 kB | 
chunk-IOB5UL7V.js   | map-component                   | 154 bytes | 

Application bundle generation complete. [1.022 seconds]

Watch mode enabled. Watching for file changes...
  ➜  Local:   http://localhost:4200/

> ikeo-delivery-app@1.0.0 start
> ng serve

- Building...

Initial chunk files | Names                           |  Raw size
styles.css          | styles                          | 106.15 kB | 
polyfills.js        | polyfills                       |  83.60 kB | 
main.js             | main                            |   1.77 kB | 
chunk-AVQVENQ2.js   | -                               | 614 bytes | 

                    | Initial total                   | 192.12 kB

Lazy chunk files    | Names                           |  Raw size
chunk-AVQP73O4.js   | delivery-tour-display-component |   6.03 kB | 
chunk-44W3XDAC.js   | -                               |   5.47 kB | 
chunk-HJF5AGSP.js   | homepage-component              |   2.73 kB | 
chunk-HWUUNGMU.js   | -                               |   1.85 kB | 
chunk-IOB5UL7V.js   | map-component                   | 154 bytes | 

Application bundle generation complete. [0.959 seconds]

Watch mode enabled. Watching for file changes...
  ➜  Local:   http://localhost:4200/

> ikeo-delivery-app@1.0.0 start
> ng serve

- Building...

Initial chunk files | Names                           |  Raw size
styles.css          | styles                          | 106.15 kB | 
polyfills.js        | polyfills                       |  83.60 kB | 
main.js             | main                            |   1.77 kB | 
chunk-AVQVENQ2.js   | -                               | 614 bytes | 

                    | Initial total                   | 192.12 kB

Lazy chunk files    | Names                           |  Raw size
chunk-AVQP73O4.js   | delivery-tour-display-component |   6.03 kB | 
chunk-44W3XDAC.js   | -                               |   5.47 kB | 
chunk-HJF5AGSP.js   | homepage-component              |   2.73 kB | 
chunk-HWUUNGMU.js   | -                               |   1.85 kB | 
chunk-IOB5UL7V.js   | map-component                   | 154 bytes | 

Application bundle generation complete. [0.922 seconds]

Watch mode enabled. Watching for file changes...
  ➜  Local:   http://localhost:4200/
- Changes detected. Rebuilding...

Application bundle generation failed. [0.327 seconds]

✘ [ERROR] TS2304: Cannot find name 'DeleteDialogComponent'. [plugin angular-compiler]

    src/app/views/delivery-tour-display/delivery-tour-display.component.ts:40:21:
      40 │     this.dialog.open(DeleteDialogComponent, {
         ╵                      ~~~~~~~~~~~~~~~~~~~~~


- Changes detected. Rebuilding...

Initial chunk files | Names                           |  Raw size
styles.css          | styles                          | 106.15 kB | 
polyfills.js        | polyfills                       |  83.60 kB | 
main.js             | main                            |   1.77 kB | 
chunk-AVQVENQ2.js   | -                               | 614 bytes | 

                    | Initial total                   | 192.12 kB

Lazy chunk files    | Names                           |  Raw size
chunk-U5ICW44M.js   | delivery-tour-display-component |   7.50 kB | 
chunk-44W3XDAC.js   | -                               |   5.47 kB | 
chunk-HJF5AGSP.js   | homepage-component              |   2.73 kB | 
chunk-HWUUNGMU.js   | -                               |   1.85 kB | 
chunk-IOB5UL7V.js   | map-component                   | 154 bytes | 

Application bundle generation complete. [0.166 seconds]

Page reload sent to client(s).
12:19:22 AM [vite] ✨ new dependencies optimized: @angular/material/dialog
12:19:22 AM [vite] ✨ optimized dependencies changed. reloading
- Changes detected. Rebuilding...

Initial chunk files | Names                           | Raw size
main.js             | main                            |  1.77 kB | 

Lazy chunk files    | Names                           | Raw size
chunk-Z5FESGLV.js   | delivery-tour-display-component |  7.46 kB | 

Application bundle generation complete. [0.128 seconds]

Page reload sent to client(s).
- Changes detected. Rebuilding...

Initial chunk files | Names                           | Raw size
main.js             | main                            |  1.77 kB | 

Lazy chunk files    | Names                           | Raw size
chunk-WVIK3MVK.js   | delivery-tour-display-component |  7.48 kB | 

Application bundle generation complete. [0.106 seconds]

Page reload sent to client(s).
- Changes detected. Rebuilding...

Application bundle generation failed. [0.153 seconds]

✘ [ERROR] NG4: Expected 3 arguments, but got 0. [plugin angular-compiler]

    src/app/views/delivery-tour-display/delivery-tour-display.component.html:32:17:
      32 │ <button (click)="openDialog()">Visualiser le trajet</button>
         ╵                  ~~~~~~~~~~

  Error occurs in the template of component DeliveryTourDisplayComponent.

    src/app/views/delivery-tour-display/delivery-tour-display.component.ts:23:15:
      23 │   templateUrl: './delivery-tour-display.component.html',
         ╵                ~~~~~~~~~~~~~~~~~~~~~~~~~~~~~~~~~~~~~~~~


- Changes detected. Rebuilding...

Initial chunk files | Names                           |  Raw size
styles.css          | styles                          | 106.15 kB | 
polyfills.js        | polyfills                       |  83.60 kB | 
main.js             | main                            |   1.77 kB | 
chunk-AVQVENQ2.js   | -                               | 614 bytes | 

                    | Initial total                   | 192.12 kB

Lazy chunk files    | Names                           |  Raw size
chunk-TY4Q62BC.js   | delivery-tour-display-component |   7.59 kB | 
chunk-44W3XDAC.js   | -                               |   5.47 kB | 
chunk-HJF5AGSP.js   | homepage-component              |   2.73 kB | 
chunk-HWUUNGMU.js   | -                               |   1.85 kB | 
chunk-IOB5UL7V.js   | map-component                   | 154 bytes | 

Application bundle generation complete. [0.128 seconds]

Page reload sent to client(s).
- Changes detected. Rebuilding...

Application bundle generation failed. [0.157 seconds]

✘ [ERROR] TS2390: Constructor implementation is missing. [plugin angular-compiler]

    src/app/shared/components/map-dialog/map-dialog.component.ts:14:2:
      14 │   constructor(public dialogRef: MatDialogRef<DeliveryTourDisplayCo...
         ╵   ~~~~~~~~~~~~~~~~~~~~~~~~~~~~~~~~~~~~~~~~~~~~~~~~~~~~~~~~~~~~~~~~


✘ [ERROR] TS2369: A parameter property is only allowed in a constructor implementation. [plugin angular-compiler]

    src/app/shared/components/map-dialog/map-dialog.component.ts:14:14:
      14 │ ...nstructor(public dialogRef: MatDialogRef<DeliveryTourDisplayCom...
         ╵              ~~~~~~~~~~~~~~~~~~~~~~~~~~~~~~~~~~~~~~~~~~~~~~~~~~~~~


- Changes detected. Rebuilding...

Initial chunk files | Names                           |  Raw size
styles.css          | styles                          | 106.15 kB | 
polyfills.js        | polyfills                       |  83.60 kB | 
main.js             | main                            |   1.77 kB | 
chunk-AVQVENQ2.js   | -                               | 614 bytes | 

                    | Initial total                   | 192.12 kB

Lazy chunk files    | Names                           |  Raw size
chunk-DNX65IKN.js   | delivery-tour-display-component |   7.75 kB | 
chunk-44W3XDAC.js   | -                               |   5.47 kB | 
chunk-HJF5AGSP.js   | homepage-component              |   2.73 kB | 
chunk-HWUUNGMU.js   | -                               |   1.85 kB | 
chunk-IOB5UL7V.js   | map-component                   | 154 bytes | 

Application bundle generation complete. [0.089 seconds]

Page reload sent to client(s).
- Changes detected. Rebuilding...

Initial chunk files | Names                           | Raw size
main.js             | main                            |  1.77 kB | 

Lazy chunk files    | Names                           | Raw size
chunk-FWLHZXPT.js   | delivery-tour-display-component |  7.81 kB | 

Application bundle generation complete. [0.094 seconds]

Page reload sent to client(s).
- Changes detected. Rebuilding...

Initial chunk files | Names                           | Raw size
main.js             | main                            |  1.77 kB | 

Lazy chunk files    | Names                           | Raw size
chunk-SBS626CS.js   | delivery-tour-display-component |  7.95 kB | 

Application bundle generation complete. [0.074 seconds]

Page reload sent to client(s).
- Changes detected. Rebuilding...

Initial chunk files | Names                           | Raw size
main.js             | main                            |  1.77 kB | 

Lazy chunk files    | Names                           | Raw size
chunk-LKR7PBKF.js   | delivery-tour-display-component |  8.00 kB | 

Application bundle generation complete. [0.232 seconds]

Page reload sent to client(s).
- Changes detected. Rebuilding...

Initial chunk files | Names                           | Raw size
main.js             | main                            |  1.77 kB | 

Lazy chunk files    | Names                           | Raw size
chunk-ADCEEEK7.js   | delivery-tour-display-component |  8.00 kB | 

Application bundle generation complete. [0.100 seconds]

Page reload sent to client(s).
- Changes detected. Rebuilding...

Initial chunk files | Names                           | Raw size
main.js             | main                            |  1.77 kB | 

Lazy chunk files    | Names                           | Raw size
chunk-BYNBVF6L.js   | delivery-tour-display-component |  8.01 kB | 

Application bundle generation complete. [0.195 seconds]

Page reload sent to client(s).
- Changes detected. Rebuilding...

Initial chunk files | Names                           | Raw size
main.js             | main                            |  1.77 kB | 

Lazy chunk files    | Names                           | Raw size
chunk-P4T66KXD.js   | delivery-tour-display-component |  8.01 kB | 

Application bundle generation complete. [0.146 seconds]

Page reload sent to client(s).
- Changes detected. Rebuilding...

Initial chunk files | Names                           | Raw size
main.js             | main                            |  1.77 kB | 

Lazy chunk files    | Names                           | Raw size
chunk-EHK4MOVZ.js   | delivery-tour-display-component |  8.00 kB | 

Application bundle generation complete. [0.082 seconds]

Page reload sent to client(s).
- Changes detected. Rebuilding...

Initial chunk files | Names                           | Raw size
main.js             | main                            |  1.77 kB | 

Lazy chunk files    | Names                           | Raw size
chunk-EESC6KH2.js   | delivery-tour-display-component |  7.97 kB | 

Application bundle generation complete. [0.130 seconds]

Page reload sent to client(s).
- Changes detected. Rebuilding...

Initial chunk files | Names                           | Raw size
main.js             | main                            |  1.77 kB | 

Lazy chunk files    | Names                           | Raw size
chunk-GXUWJU24.js   | delivery-tour-display-component |  7.95 kB | 

Application bundle generation complete. [0.105 seconds]

Page reload sent to client(s).
- Changes detected. Rebuilding...

Initial chunk files | Names                           |  Raw size
main.js             | main                            |   1.77 kB | 

Lazy chunk files    | Names                           |  Raw size
chunk-LH6TTXBK.js   | delivery-tour-display-component |   7.95 kB | 
chunk-3LHJQA2V.js   | -                               |   5.47 kB | 
chunk-62PN4SGL.js   | map-component                   | 154 bytes | 

Application bundle generation complete. [0.117 seconds]

Page reload sent to client(s).
- Changes detected. Rebuilding...

Initial chunk files | Names                           |  Raw size
main.js             | main                            |   1.77 kB | 

Lazy chunk files    | Names                           |  Raw size
chunk-VB24GWR5.js   | delivery-tour-display-component |   7.95 kB | 
chunk-2VZLBTA3.js   | -                               |   5.47 kB | 
chunk-MTTGSCVO.js   | map-component                   | 154 bytes | 

Application bundle generation complete. [0.091 seconds]

Page reload sent to client(s).
- Changes detected. Rebuilding...

Initial chunk files | Names                           |  Raw size
main.js             | main                            |   1.77 kB | 

Lazy chunk files    | Names                           |  Raw size
chunk-XRCMEFOC.js   | delivery-tour-display-component |   7.95 kB | 
chunk-VWF3ATC6.js   | -                               |   5.47 kB | 
chunk-W522TSRZ.js   | map-component                   | 154 bytes | 

Application bundle generation complete. [0.105 seconds]

Page reload sent to client(s).
- Changes detected. Rebuilding...

Initial chunk files | Names                           |  Raw size
main.js             | main                            |   1.77 kB | 

Lazy chunk files    | Names                           |  Raw size
chunk-TMDWBX2Y.js   | delivery-tour-display-component |   7.95 kB | 
chunk-ND36RMQ5.js   | -                               |   5.41 kB | 
chunk-MZE5SVDJ.js   | map-component                   | 154 bytes | 

Application bundle generation complete. [0.097 seconds]

Page reload sent to client(s).
- Changes detected. Rebuilding...

Initial chunk files | Names                           |  Raw size
main.js             | main                            |   1.77 kB | 

Lazy chunk files    | Names                           |  Raw size
chunk-VB24GWR5.js   | delivery-tour-display-component |   7.95 kB | 
chunk-2VZLBTA3.js   | -                               |   5.47 kB | 
chunk-MTTGSCVO.js   | map-component                   | 154 bytes | 

Application bundle generation complete. [0.091 seconds]

Page reload sent to client(s).
- Changes detected. Rebuilding...

Initial chunk files | Names                           | Raw size
main.js             | main                            |  1.77 kB | 

Lazy chunk files    | Names                           | Raw size
chunk-PP22PTC4.js   | delivery-tour-display-component |  8.11 kB | 

Application bundle generation complete. [0.126 seconds]

Page reload sent to client(s).
- Changes detected. Rebuilding...

Initial chunk files | Names                           | Raw size
main.js             | main                            |  1.77 kB | 

Lazy chunk files    | Names                           | Raw size
chunk-VB24GWR5.js   | delivery-tour-display-component |  7.95 kB | 

Application bundle generation complete. [0.053 seconds]

Page reload sent to client(s).
- Changes detected. Rebuilding...

Initial chunk files | Names                           | Raw size
main.js             | main                            |  1.77 kB | 

Lazy chunk files    | Names                           | Raw size
chunk-PP22PTC4.js   | delivery-tour-display-component |  8.11 kB | 

Application bundle generation complete. [0.055 seconds]

Page reload sent to client(s).
- Changes detected. Rebuilding...

Initial chunk files | Names                           | Raw size
main.js             | main                            |  1.77 kB | 

Lazy chunk files    | Names                           | Raw size
chunk-O654PV25.js   | delivery-tour-display-component |  8.07 kB | 

Application bundle generation complete. [0.077 seconds]

Page reload sent to client(s).
- Changes detected. Rebuilding...

Initial chunk files | Names                           | Raw size
main.js             | main                            |  1.77 kB | 

Lazy chunk files    | Names                           | Raw size
chunk-GSUPDVCU.js   | delivery-tour-display-component |  8.07 kB | 

Application bundle generation complete. [0.060 seconds]

Page reload sent to client(s).
- Changes detected. Rebuilding...

Initial chunk files | Names                           | Raw size
main.js             | main                            |  1.77 kB | 

Lazy chunk files    | Names                           | Raw size
chunk-2OT7MK3D.js   | delivery-tour-display-component |  8.08 kB | 

Application bundle generation complete. [0.062 seconds]

Page reload sent to client(s).
- Changes detected. Rebuilding...

Initial chunk files | Names                           | Raw size
main.js             | main                            |  1.77 kB | 

Lazy chunk files    | Names                           | Raw size
chunk-E7OV3RVY.js   | delivery-tour-display-component |  8.09 kB | 

Application bundle generation complete. [0.054 seconds]

Page reload sent to client(s).
- Changes detected. Rebuilding...

Initial chunk files | Names                           | Raw size
main.js             | main                            |  1.77 kB | 

Lazy chunk files    | Names                           | Raw size
chunk-XKGHE3YC.js   | delivery-tour-display-component |  8.09 kB | 

Application bundle generation complete. [0.052 seconds]

Page reload sent to client(s).
- Changes detected. Rebuilding...

Initial chunk files | Names                           | Raw size
main.js             | main                            |  1.77 kB | 

Lazy chunk files    | Names                           | Raw size
chunk-VB24GWR5.js   | delivery-tour-display-component |  7.95 kB | 

Application bundle generation complete. [0.063 seconds]

Page reload sent to client(s).
- Changes detected. Rebuilding...

Initial chunk files | Names                           | Raw size
main.js             | main                            |  1.77 kB | 

Lazy chunk files    | Names                           | Raw size
chunk-6JLKI5R4.js   | delivery-tour-display-component |  7.83 kB | 

Application bundle generation complete. [0.043 seconds]

Page reload sent to client(s).
- Changes detected. Rebuilding...

Initial chunk files | Names                           | Raw size
main.js             | main                            |  1.77 kB | 

Lazy chunk files    | Names                           | Raw size
chunk-LDKY2QJ3.js   | delivery-tour-display-component |  7.83 kB | 

Application bundle generation complete. [0.098 seconds]

Page reload sent to client(s).
- Changes detected. Rebuilding...

Initial chunk files | Names                           | Raw size
main.js             | main                            |  1.77 kB | 

Lazy chunk files    | Names                           | Raw size
chunk-O65AELCF.js   | delivery-tour-display-component |  7.83 kB | 

Application bundle generation complete. [0.089 seconds]

Page reload sent to client(s).
- Changes detected. Rebuilding...

Initial chunk files | Names                           | Raw size
main.js             | main                            |  1.77 kB | 

Lazy chunk files    | Names                           | Raw size
chunk-LLZBUIAW.js   | delivery-tour-display-component |  7.83 kB | 

Application bundle generation complete. [0.103 seconds]

Page reload sent to client(s).
- Changes detected. Rebuilding...

Initial chunk files | Names                           | Raw size
main.js             | main                            |  1.77 kB | 

Lazy chunk files    | Names                           | Raw size
chunk-CRXPHRYS.js   | delivery-tour-display-component |  7.83 kB | 

Application bundle generation complete. [0.085 seconds]

Page reload sent to client(s).
- Changes detected. Rebuilding...

Initial chunk files | Names                           | Raw size
main.js             | main                            |  1.77 kB | 

Lazy chunk files    | Names                           | Raw size
chunk-LLZBUIAW.js   | delivery-tour-display-component |  7.83 kB | 

Application bundle generation complete. [0.127 seconds]

Page reload sent to client(s).
- Changes detected. Rebuilding...

Initial chunk files | Names                           | Raw size
main.js             | main                            |  1.77 kB | 

Lazy chunk files    | Names                           | Raw size
chunk-6JLKI5R4.js   | delivery-tour-display-component |  7.83 kB | 

Application bundle generation complete. [0.087 seconds]

Page reload sent to client(s).
- Changes detected. Rebuilding...

Initial chunk files | Names                           | Raw size
main.js             | main                            |  1.77 kB | 

Lazy chunk files    | Names                           | Raw size
chunk-OCFR2M2Q.js   | delivery-tour-display-component |  7.88 kB | 

Application bundle generation complete. [0.082 seconds]

Page reload sent to client(s).

> ikeo-delivery-app@1.0.0 start
> ng serve

- Building...

Initial chunk files | Names                           |  Raw size
styles.css          | styles                          | 106.15 kB | 
polyfills.js        | polyfills                       |  83.60 kB | 
main.js             | main                            |   1.77 kB | 
chunk-AVQVENQ2.js   | -                               | 614 bytes | 

                    | Initial total                   | 192.12 kB

Lazy chunk files    | Names                           |  Raw size
chunk-OCFR2M2Q.js   | delivery-tour-display-component |   7.88 kB | 
chunk-2VZLBTA3.js   | -                               |   5.47 kB | 
chunk-HJF5AGSP.js   | homepage-component              |   2.73 kB | 
chunk-HWUUNGMU.js   | -                               |   1.85 kB | 
chunk-MTTGSCVO.js   | map-component                   | 154 bytes | 

Application bundle generation complete. [1.085 seconds]

Watch mode enabled. Watching for file changes...
  ➜  Local:   http://localhost:4200/
